TN:
SF:src\services\activity.service.ts
FN:16,buildMessage
FN:35,addActivity
FN:48,addActivityForListMembers
FN:55,(anonymous_3)
FN:70,getUserRecentActivities
FNF:5
FNH:3
FNDA:22,buildMessage
FNDA:0,addActivity
FNDA:13,addActivityForListMembers
FNDA:22,(anonymous_3)
FNDA:0,getUserRecentActivities
DA:1,3
DA:2,3
DA:4,3
DA:5,3
DA:17,22
DA:19,0
DA:21,1
DA:23,2
DA:25,1
DA:27,18
DA:29,0
DA:31,0
DA:36,0
DA:37,0
DA:39,0
DA:49,13
DA:54,13
DA:56,22
DA:57,22
DA:59,22
DA:71,0
DA:72,0
DA:73,0
DA:83,0
DA:87,3
LF:25
LH:15
BRDA:17,0,0,0
BRDA:17,0,1,1
BRDA:17,0,2,2
BRDA:17,0,3,1
BRDA:17,0,4,18
BRDA:17,0,5,0
BRDA:17,0,6,0
BRDA:36,1,0,0
BRDA:36,1,1,0
BRDA:56,2,0,13
BRDA:56,2,1,9
BRF:11
BRH:6
end_of_record
TN:
SF:src\services\invitation.service.ts
FN:4,createInvitation
FN:15,findInvitationByToken
FNF:2
FNH:1
FNDA:1,createInvitation
FNDA:0,findInvitationByToken
DA:2,3
DA:5,1
DA:16,0
DA:20,0
DA:21,0
DA:22,0
DA:23,0
DA:26,0
DA:31,3
LF:9
LH:3
BRDA:20,0,0,0
BRDA:21,1,0,0
BRDA:22,2,0,0
BRDA:22,3,0,0
BRDA:22,3,1,0
BRF:5
BRH:0
end_of_record
TN:
SF:src\services\item.service.ts
FN:17,fetchPriceFromUrl
FN:46,fetchImageFromUrl
FN:70,getItemById
FN:87,getUserRecentlyAddedItems
FN:107,updatePriceOfItem
FN:124,deleteItem
FN:150,updatePriceFromUrl
FN:176,updateAllPricesFromUrl
FN:186,(anonymous_17)
FN:199,(anonymous_18)
FN:200,(anonymous_19)
FN:206,addItemToList
FNF:12
FNH:11
FNDA:7,fetchPriceFromUrl
FNDA:8,fetchImageFromUrl
FNDA:8,getItemById
FNDA:2,getUserRecentlyAddedItems
FNDA:6,updatePriceOfItem
FNDA:4,deleteItem
FNDA:4,updatePriceFromUrl
FNDA:4,updateAllPricesFromUrl
FNDA:3,(anonymous_17)
FNDA:3,(anonymous_18)
FNDA:3,(anonymous_19)
FNDA:0,addItemToList
DA:1,2
DA:2,2
DA:3,2
DA:4,2
DA:5,2
DA:12,2
DA:13,2
DA:14,2
DA:15,2
DA:20,7
DA:21,7
DA:22,6
DA:24,1
DA:25,0
DA:32,1
DA:35,6
DA:36,6
DA:37,6
DA:39,6
DA:40,1
DA:43,5
DA:49,8
DA:50,8
DA:51,4
DA:53,4
DA:54,3
DA:59,1
DA:62,4
DA:63,4
DA:65,4
DA:67,2
DA:71,8
DA:72,8
DA:73,8
DA:78,8
DA:80,5
DA:82,3
DA:83,0
DA:88,2
DA:89,1
DA:90,1
DA:103,0
DA:108,6
DA:109,6
DA:118,5
DA:120,1
DA:125,4
DA:127,3
DA:128,2
DA:129,2
DA:131,1
DA:132,1
DA:134,1
DA:135,1
DA:137,1
DA:144,1
DA:146,0
DA:151,4
DA:153,3
DA:154,2
DA:155,2
DA:157,1
DA:158,1
DA:160,1
DA:161,1
DA:162,1
DA:164,1
DA:173,1
DA:177,4
DA:179,2
DA:180,2
DA:182,2
DA:183,2
DA:185,2
DA:187,3
DA:188,3
DA:192,2
DA:198,2
DA:199,3
DA:200,3
DA:202,0
DA:214,0
DA:215,0
DA:217,0
DA:218,0
DA:223,0
DA:225,0
DA:242,0
DA:249,0
DA:251,0
DA:255,2
LF:91
LH:77
BRDA:24,0,0,0
BRDA:27,1,0,0
BRDA:27,1,1,0
BRDA:39,2,0,1
BRDA:39,3,0,6
BRDA:39,3,1,5
BRDA:53,4,0,3
BRDA:56,5,0,1
BRDA:56,5,1,2
BRDA:65,6,0,2
BRDA:78,7,0,3
BRDA:82,8,0,3
BRDA:128,9,0,0
BRDA:129,10,0,2
BRDA:132,11,0,1
BRDA:132,11,1,0
BRDA:154,12,0,0
BRDA:155,13,0,2
BRDA:158,14,0,1
BRDA:158,14,1,0
BRDA:223,15,0,0
BRF:21
BRH:13
end_of_record
TN:
SF:src\services\list.service.ts
FN:12,getUserRoleInList
FN:19,requirePermission
FN:25,getAllListOfUser
FN:44,getListById
FN:73,addNewList
FN:96,addNewMemberToList
FN:134,getListMembers
FN:159,createInvitation
FNF:8
FNH:8
FNDA:23,getUserRoleInList
FNDA:24,requirePermission
FNDA:5,getAllListOfUser
FNDA:4,getListById
FNDA:1,addNewList
FNDA:14,addNewMemberToList
FNDA:2,getListMembers
FNDA:2,createInvitation
DA:1,3
DA:2,3
DA:3,3
DA:4,3
DA:8,3
DA:9,3
DA:10,3
DA:13,23
DA:16,23
DA:20,24
DA:21,22
DA:22,22
DA:26,5
DA:28,4
DA:29,4
DA:40,0
DA:45,4
DA:47,3
DA:48,3
DA:53,3
DA:55,2
DA:64,2
DA:66,1
DA:68,2
DA:69,0
DA:74,1
DA:75,1
DA:76,1
DA:90,1
DA:92,0
DA:97,14
DA:99,11
DA:104,11
DA:108,11
DA:110,10
DA:111,1
DA:114,1
DA:117,9
DA:118,9
DA:122,9
DA:128,9
DA:130,0
DA:135,2
DA:137,2
DA:138,2
DA:147,2
DA:149,1
DA:154,1
DA:155,0
DA:160,2
DA:161,1
DA:162,1
DA:164,0
DA:168,3
LF:54
LH:48
BRDA:16,0,0,23
BRDA:16,0,1,1
BRDA:22,1,0,6
BRDA:22,2,0,22
BRDA:22,2,1,21
BRDA:53,3,0,1
BRDA:64,4,0,1
BRDA:68,5,0,2
BRDA:68,6,0,2
BRDA:68,6,1,1
BRDA:108,7,0,1
BRDA:110,8,0,1
BRDA:114,9,0,1
BRDA:147,10,0,1
BRDA:154,11,0,1
BRF:15
BRH:15
end_of_record
TN:
SF:src\services\user.service.ts
FN:8,fetchLoggedInUser
FN:25,register
FN:40,findUserByEmail
FN:55,findUserByText
FN:85,getRoleInList
FNF:5
FNH:5
FNDA:3,fetchLoggedInUser
FNDA:2,register
FNDA:2,findUserByEmail
FNDA:4,findUserByText
FNDA:2,getRoleInList
DA:1,1
DA:2,1
DA:3,1
DA:4,1
DA:6,1
DA:9,3
DA:11,2
DA:12,2
DA:16,2
DA:18,1
DA:20,1
DA:21,0
DA:26,2
DA:27,2
DA:28,2
DA:36,1
DA:41,2
DA:42,2
DA:46,2
DA:48,1
DA:50,1
DA:51,0
DA:56,4
DA:57,4
DA:76,4
DA:78,3
DA:80,1
DA:81,0
DA:86,2
DA:87,2
DA:96,2
DA:98,1
DA:100,1
DA:101,0
DA:105,1
LF:35
LH:31
BRDA:16,0,0,1
BRDA:20,1,0,1
BRDA:46,2,0,1
BRDA:50,3,0,1
BRDA:62,4,0,4
BRDA:62,4,1,0
BRDA:68,5,0,4
BRDA:68,5,1,0
BRDA:76,6,0,1
BRDA:80,7,0,1
BRDA:96,8,0,1
BRDA:100,9,0,1
BRF:12
BRH:10
end_of_record
TN:
SF:src\utils\auth.ts
FN:3,requireAuth
FNF:1
FNH:1
FNDA:57,requireAuth
DA:1,4
DA:3,4
DA:4,57
DA:5,8
LF:4
LH:4
BRDA:4,0,0,8
BRF:1
BRH:1
end_of_record
TN:
SF:src\utils\dateScalar.ts
FN:6,(anonymous_0)
FN:12,(anonymous_1)
FN:18,(anonymous_2)
FNF:3
FNH:0
FNDA:0,(anonymous_0)
FNDA:0,(anonymous_1)
FNDA:0,(anonymous_2)
DA:3,0
DA:7,0
DA:8,0
DA:10,0
DA:13,0
DA:14,0
DA:16,0
DA:19,0
DA:20,0
DA:22,0
LF:10
LH:0
BRDA:7,0,0,0
BRDA:13,1,0,0
BRDA:19,2,0,0
BRF:3
BRH:0
end_of_record
